{"d:\\prime\\src\\index.js":{"path":"d:\\prime\\src\\index.js","s":{"1":1,"2":10,"3":24,"4":4,"5":6,"6":1,"7":3,"8":1,"9":1,"10":2,"11":1,"12":1,"13":1,"14":1,"15":10,"16":6,"17":1,"18":1,"19":1},"b":{"1":[4,20],"2":[1,2],"3":[1,1],"4":[6,4]},"f":{"1":10,"2":3},"fnMap":{"1":{"name":"(anonymous_1)","line":1,"loc":{"start":{"line":1,"column":14},"end":{"line":1,"column":29}}},"2":{"name":"(anonymous_2)","line":10,"loc":{"start":{"line":10,"column":16},"end":{"line":10,"column":41}}}},"statementMap":{"1":{"start":{"line":1,"column":0},"end":{"line":8,"column":2}},"2":{"start":{"line":2,"column":1},"end":{"line":6,"column":2}},"3":{"start":{"line":3,"column":2},"end":{"line":5,"column":3}},"4":{"start":{"line":4,"column":3},"end":{"line":4,"column":16}},"5":{"start":{"line":7,"column":1},"end":{"line":7,"column":13}},"6":{"start":{"line":10,"column":0},"end":{"line":30,"column":2}},"7":{"start":{"line":11,"column":1},"end":{"line":14,"column":2}},"8":{"start":{"line":12,"column":2},"end":{"line":12,"column":48}},"9":{"start":{"line":13,"column":2},"end":{"line":13,"column":23}},"10":{"start":{"line":16,"column":1},"end":{"line":19,"column":2}},"11":{"start":{"line":17,"column":2},"end":{"line":17,"column":43}},"12":{"start":{"line":18,"column":2},"end":{"line":18,"column":23}},"13":{"start":{"line":21,"column":1},"end":{"line":21,"column":13}},"14":{"start":{"line":22,"column":1},"end":{"line":26,"column":2}},"15":{"start":{"line":23,"column":2},"end":{"line":25,"column":3}},"16":{"start":{"line":24,"column":3},"end":{"line":24,"column":12}},"17":{"start":{"line":28,"column":1},"end":{"line":28,"column":13}},"18":{"start":{"line":29,"column":1},"end":{"line":29,"column":19}},"19":{"start":{"line":32,"column":0},"end":{"line":34,"column":1}}},"branchMap":{"1":{"line":3,"type":"if","locations":[{"start":{"line":3,"column":2},"end":{"line":3,"column":2}},{"start":{"line":3,"column":2},"end":{"line":3,"column":2}}]},"2":{"line":11,"type":"if","locations":[{"start":{"line":11,"column":1},"end":{"line":11,"column":1}},{"start":{"line":11,"column":1},"end":{"line":11,"column":1}}]},"3":{"line":16,"type":"if","locations":[{"start":{"line":16,"column":1},"end":{"line":16,"column":1}},{"start":{"line":16,"column":1},"end":{"line":16,"column":1}}]},"4":{"line":23,"type":"if","locations":[{"start":{"line":23,"column":2},"end":{"line":23,"column":2}},{"start":{"line":23,"column":2},"end":{"line":23,"column":2}}]}}}}